This file contains any messages produced by compilers while
running configure, to aid debugging if configure makes a mistake.

It was created by configure, which was
generated by GNU Autoconf 2.69.  Invocation command line was

  $ ./configure --enable-codeguard

## --------- ##
## Platform. ##
## --------- ##

hostname = secureDev
uname -m = x86_64
uname -r = 5.4.0-1031-azure
uname -s = Linux
uname -v = #32~18.04.1-Ubuntu SMP Tue Oct 6 10:03:22 UTC 2020

/usr/bin/uname -p = unknown
/bin/uname -X     = unknown

/bin/arch              = unknown
/usr/bin/arch -k       = unknown
/usr/convex/getsysinfo = unknown
/usr/bin/hostinfo      = unknown
/bin/machine           = unknown
/usr/bin/oslevel       = unknown
/bin/universe          = unknown

PATH: /home/giovanne/.vscode-server/bin/e5a624b788d92b8d34d1392e4c4d9789406efe8f/bin
PATH: /home/giovanne/.vscode-server/bin/e5a624b788d92b8d34d1392e4c4d9789406efe8f/bin
PATH: /usr/local/sbin
PATH: /usr/local/bin
PATH: /usr/sbin
PATH: /usr/bin
PATH: /sbin
PATH: /bin
PATH: /usr/games
PATH: /usr/local/games
PATH: /snap/bin
PATH: /home/giovanne/.composer/vendor/bin


## ----------- ##
## Core tests. ##
## ----------- ##

configure:2183: checking for grep that handles long lines and -e
configure:2241: result: /bin/grep
configure:2246: checking for egrep
configure:2308: result: /bin/grep -E
configure:2313: checking for a sed that does not truncate output
configure:2377: result: /bin/sed
configure:2516: checking for pkg-config
configure:2534: found /usr/bin/pkg-config
configure:2546: result: /usr/bin/pkg-config
configure:2571: checking pkg-config is at least version 0.9.0
configure:2574: result: yes
configure:2694: checking for C compiler version
configure:2703: gcc --version >&5
gcc (Ubuntu 7.5.0-3ubuntu1~18.04) 7.5.0
Copyright (C) 2017 Free Software Foundation, Inc.
This is free software; see the source for copying conditions.  There is NO
warranty; not even for MERCHANTABILITY or FITNESS FOR A PARTICULAR PURPOSE.

configure:2714: $? = 0
configure:2703: gcc -v >&5
Using built-in specs.
COLLECT_GCC=gcc
COLLECT_LTO_WRAPPER=/usr/lib/gcc/x86_64-linux-gnu/7/lto-wrapper
OFFLOAD_TARGET_NAMES=nvptx-none
OFFLOAD_TARGET_DEFAULT=1
Target: x86_64-linux-gnu
Configured with: ../src/configure -v --with-pkgversion='Ubuntu 7.5.0-3ubuntu1~18.04' --with-bugurl=file:///usr/share/doc/gcc-7/README.Bugs --enable-languages=c,ada,c++,go,brig,d,fortran,objc,obj-c++ --prefix=/usr --with-gcc-major-version-only --program-suffix=-7 --program-prefix=x86_64-linux-gnu- --enable-shared --enable-linker-build-id --libexecdir=/usr/lib --without-included-gettext --enable-threads=posix --libdir=/usr/lib --enable-nls --enable-bootstrap --enable-clocale=gnu --enable-libstdcxx-debug --enable-libstdcxx-time=yes --with-default-libstdcxx-abi=new --enable-gnu-unique-object --disable-vtable-verify --enable-libmpx --enable-plugin --enable-default-pie --with-system-zlib --with-target-system-zlib --enable-objc-gc=auto --enable-multiarch --disable-werror --with-arch-32=i686 --with-abi=m64 --with-multilib-list=m32,m64,mx32 --enable-multilib --with-tune=generic --enable-offload-targets=nvptx-none --without-cuda-driver --enable-checking=release --build=x86_64-linux-gnu --host=x86_64-linux-gnu --target=x86_64-linux-gnu
Thread model: posix
gcc version 7.5.0 (Ubuntu 7.5.0-3ubuntu1~18.04) 
configure:2714: $? = 0
configure:2703: gcc -V >&5
gcc: error: unrecognized command line option '-V'
gcc: fatal error: no input files
compilation terminated.
configure:2714: $? = 1
configure:2703: gcc -qversion >&5
gcc: error: unrecognized command line option '-qversion'; did you mean '--version'?
gcc: fatal error: no input files
compilation terminated.
configure:2714: $? = 1
configure:2734: checking whether the C compiler works
configure:2756: gcc -O2 -fvisibility=hidden -Wparentheses -DZEPHIR_RELEASE=1   conftest.c  >&5
configure:2760: $? = 0
configure:2808: result: yes
configure:2811: checking for C compiler default output file name
configure:2813: result: a.out
configure:2819: checking for suffix of executables
configure:2826: gcc -o conftest -O2 -fvisibility=hidden -Wparentheses -DZEPHIR_RELEASE=1   conftest.c  >&5
configure:2830: $? = 0
configure:2852: result: 
configure:2874: checking whether we are cross compiling
configure:2882: gcc -o conftest -O2 -fvisibility=hidden -Wparentheses -DZEPHIR_RELEASE=1   conftest.c  >&5
configure:2886: $? = 0
configure:2893: ./conftest
configure:2897: $? = 0
configure:2912: result: no
configure:2917: checking for suffix of object files
configure:2939: gcc -c -O2 -fvisibility=hidden -Wparentheses -DZEPHIR_RELEASE=1  conftest.c >&5
configure:2943: $? = 0
configure:2964: result: o
configure:2968: checking whether we are using the GNU C compiler
configure:2987: gcc -c -O2 -fvisibility=hidden -Wparentheses -DZEPHIR_RELEASE=1  conftest.c >&5
configure:2987: $? = 0
configure:2996: result: yes
configure:3005: checking whether gcc accepts -g
configure:3025: gcc -c -g  conftest.c >&5
configure:3025: $? = 0
configure:3066: result: yes
configure:3083: checking for gcc option to accept ISO C89
configure:3146: gcc  -c -O2 -fvisibility=hidden -Wparentheses -DZEPHIR_RELEASE=1  conftest.c >&5
configure:3146: $? = 0
configure:3159: result: none needed
configure:3185: checking how to run the C preprocessor
configure:3216: gcc -E  conftest.c
configure:3216: $? = 0
configure:3230: gcc -E  conftest.c
conftest.c:9:10: fatal error: ac_nonexistent.h: No such file or directory
 #include <ac_nonexistent.h>
          ^~~~~~~~~~~~~~~~~~
compilation terminated.
configure:3230: $? = 1
configure: failed program was:
| /* confdefs.h */
| #define PACKAGE_NAME ""
| #define PACKAGE_TARNAME ""
| #define PACKAGE_VERSION ""
| #define PACKAGE_STRING ""
| #define PACKAGE_BUGREPORT ""
| #define PACKAGE_URL ""
| /* end confdefs.h.  */
| #include <ac_nonexistent.h>
configure:3255: result: gcc -E
configure:3275: gcc -E  conftest.c
configure:3275: $? = 0
configure:3289: gcc -E  conftest.c
conftest.c:9:10: fatal error: ac_nonexistent.h: No such file or directory
 #include <ac_nonexistent.h>
          ^~~~~~~~~~~~~~~~~~
compilation terminated.
configure:3289: $? = 1
configure: failed program was:
| /* confdefs.h */
| #define PACKAGE_NAME ""
| #define PACKAGE_TARNAME ""
| #define PACKAGE_VERSION ""
| #define PACKAGE_STRING ""
| #define PACKAGE_BUGREPORT ""
| #define PACKAGE_URL ""
| /* end confdefs.h.  */
| #include <ac_nonexistent.h>
configure:3320: checking for icc
configure:3329: result: no
configure:3343: checking for suncc
configure:3352: result: no
configure:3370: checking for system library directory
configure:3385: result: lib
configure:3392: checking if compiler supports -R
configure:3411: gcc -o conftest -O2 -fvisibility=hidden -Wparentheses -DZEPHIR_RELEASE=1   conftest.c -R /usr/lib  >&5
gcc: error: unrecognized command line option '-R'
configure:3411: $? = 1
configure: failed program was:
| /* confdefs.h */
| #define PACKAGE_NAME ""
| #define PACKAGE_TARNAME ""
| #define PACKAGE_VERSION ""
| #define PACKAGE_STRING ""
| #define PACKAGE_BUGREPORT ""
| #define PACKAGE_URL ""
| /* end confdefs.h.  */
| 
| int
| main ()
| {
| 
|   ;
|   return 0;
| }
configure:3421: result: no
configure:3426: checking if compiler supports -Wl,-rpath,
configure:3445: gcc -o conftest -O2 -fvisibility=hidden -Wparentheses -DZEPHIR_RELEASE=1   conftest.c -Wl,-rpath,/usr/lib  >&5
configure:3445: $? = 0
configure:3455: result: yes
configure:3471: checking build system type
configure:3485: result: x86_64-pc-linux-gnu
configure:3505: checking host system type
configure:3518: result: x86_64-pc-linux-gnu
configure:3538: checking target system type
configure:3551: result: x86_64-pc-linux-gnu
configure:3654: checking for PHP prefix
configure:3656: result: /usr
configure:3658: checking for PHP includes
configure:3660: result: -I/usr/include/php/20190902 -I/usr/include/php/20190902/main -I/usr/include/php/20190902/TSRM -I/usr/include/php/20190902/Zend -I/usr/include/php/20190902/ext -I/usr/include/php/20190902/ext/date/lib
configure:3662: checking for PHP extension directory
configure:3664: result: /usr/lib/php/20190902
configure:3666: checking for PHP installed headers prefix
configure:3668: result: /usr/include/php/20190902
configure:3671: checking if debug is enabled
configure:3697: result: no
configure:3700: checking if zts is enabled
configure:3726: result: no
configure:3794: checking for gawk
configure:3811: found /usr/bin/gawk
configure:3822: result: gawk
configure:3865: checking whether to enable codeguard
configure:3904: result: yes, shared
configure:4272: checking whether HAVE_BUNDLED_PCRE is declared
configure:4272: gcc -c -O2 -fvisibility=hidden -Wparentheses -DZEPHIR_RELEASE=1  -I/usr/include/php/20190902 -I/usr/include/php/20190902/main -I/usr/include/php/20190902/TSRM -I/usr/include/php/20190902/Zend -I/usr/include/php/20190902/ext -I/usr/include/php/20190902/ext/date/lib conftest.c >&5
conftest.c: In function 'main':
conftest.c:21:10: error: 'HAVE_BUNDLED_PCRE' undeclared (first use in this function); did you mean 'HAVE_INET_PTON'?
   (void) HAVE_BUNDLED_PCRE;
          ^~~~~~~~~~~~~~~~~
          HAVE_INET_PTON
conftest.c:21:10: note: each undeclared identifier is reported only once for each function it appears in
configure:4272: $? = 1
configure: failed program was:
| /* confdefs.h */
| #define PACKAGE_NAME ""
| #define PACKAGE_TARNAME ""
| #define PACKAGE_VERSION ""
| #define PACKAGE_STRING ""
| #define PACKAGE_BUGREPORT ""
| #define PACKAGE_URL ""
| #define HAVE_CODEGUARD 1
| #define COMPILE_DL_CODEGUARD 1
| /* end confdefs.h.  */
| #include "php_config.h"
| 
| 
| int
| main ()
| {
| #ifndef HAVE_BUNDLED_PCRE
| #ifdef __cplusplus
|   (void) HAVE_BUNDLED_PCRE;
| #else
|   (void) HAVE_BUNDLED_PCRE;
| #endif
| #endif
| 
|   ;
|   return 0;
| }
configure:4272: result: no
configure:4318: checking whether HAVE_JSON is declared
configure:4318: gcc -c -O2 -fvisibility=hidden -Wparentheses -DZEPHIR_RELEASE=1  -I/usr/include/php/20190902 -I/usr/include/php/20190902/main -I/usr/include/php/20190902/TSRM -I/usr/include/php/20190902/Zend -I/usr/include/php/20190902/ext -I/usr/include/php/20190902/ext/date/lib conftest.c >&5
conftest.c: In function 'main':
conftest.c:21:10: error: 'HAVE_JSON' undeclared (first use in this function); did you mean 'HAVE_ASINH'?
   (void) HAVE_JSON;
          ^~~~~~~~~
          HAVE_ASINH
conftest.c:21:10: note: each undeclared identifier is reported only once for each function it appears in
configure:4318: $? = 1
configure: failed program was:
| /* confdefs.h */
| #define PACKAGE_NAME ""
| #define PACKAGE_TARNAME ""
| #define PACKAGE_VERSION ""
| #define PACKAGE_STRING ""
| #define PACKAGE_BUGREPORT ""
| #define PACKAGE_URL ""
| #define HAVE_CODEGUARD 1
| #define COMPILE_DL_CODEGUARD 1
| /* end confdefs.h.  */
| #include "php_config.h"
| 
| 
| int
| main ()
| {
| #ifndef HAVE_JSON
| #ifdef __cplusplus
|   (void) HAVE_JSON;
| #else
|   (void) HAVE_JSON;
| #endif
| #endif
| 
|   ;
|   return 0;
| }
configure:4318: result: no
configure:4445: checking how to print strings
configure:4472: result: printf
configure:4493: checking for a sed that does not truncate output
configure:4557: result: /bin/sed
configure:4575: checking for fgrep
configure:4637: result: /bin/grep -F
configure:4672: checking for ld used by gcc
configure:4739: result: /usr/bin/ld
configure:4746: checking if the linker (/usr/bin/ld) is GNU ld
configure:4761: result: yes
configure:4773: checking for BSD- or MS-compatible name lister (nm)
configure:4827: result: /usr/bin/nm -B
configure:4957: checking the name lister (/usr/bin/nm -B) interface
configure:4964: gcc -c -O2 -fvisibility=hidden -Wparentheses -DZEPHIR_RELEASE=1  conftest.c >&5
configure:4967: /usr/bin/nm -B "conftest.o"
configure:4970: output
0000000000000000 B some_variable
configure:4977: result: BSD nm
configure:4980: checking whether ln -s works
configure:4984: result: yes
configure:4992: checking the maximum length of command line arguments
configure:5123: result: 1572864
configure:5171: checking how to convert x86_64-pc-linux-gnu file names to x86_64-pc-linux-gnu format
configure:5211: result: func_convert_file_noop
configure:5218: checking how to convert x86_64-pc-linux-gnu file names to toolchain format
configure:5238: result: func_convert_file_noop
configure:5245: checking for /usr/bin/ld option to reload object files
configure:5252: result: -r
configure:5326: checking for objdump
configure:5342: found /usr/bin/objdump
configure:5353: result: objdump
configure:5385: checking how to recognize dependent libraries
configure:5585: result: pass_all
configure:5670: checking for dlltool
configure:5700: result: no
configure:5730: checking how to associate runtime and link libraries
configure:5757: result: printf %s\n
configure:5817: checking for ar
configure:5833: found /usr/bin/ar
configure:5844: result: ar
configure:5881: checking for archiver @FILE support
configure:5898: gcc -c -O2 -fvisibility=hidden -Wparentheses -DZEPHIR_RELEASE=1  conftest.c >&5
configure:5898: $? = 0
configure:5901: ar cru libconftest.a @conftest.lst >&5
ar: `u' modifier ignored since `D' is the default (see `U')
configure:5904: $? = 0
configure:5909: ar cru libconftest.a @conftest.lst >&5
ar: `u' modifier ignored since `D' is the default (see `U')
ar: conftest.o: No such file or directory
configure:5912: $? = 1
configure:5924: result: @
configure:5982: checking for strip
configure:5998: found /usr/bin/strip
configure:6009: result: strip
configure:6081: checking for ranlib
configure:6097: found /usr/bin/ranlib
configure:6108: result: ranlib
configure:6185: checking for gawk
configure:6212: result: gawk
configure:6252: checking command to parse /usr/bin/nm -B output from gcc object
configure:6405: gcc -c -O2 -fvisibility=hidden -Wparentheses -DZEPHIR_RELEASE=1  conftest.c >&5
configure:6408: $? = 0
configure:6412: /usr/bin/nm -B conftest.o \| sed -n -e 's/^.*[ ]\([ABCDGIRSTW][ABCDGIRSTW]*\)[ ][ ]*\([_A-Za-z][_A-Za-z0-9]*\)$/\1 \2 \2/p' | sed '/ __gnu_lto/d' \> conftest.nm
configure:6415: $? = 0
configure:6481: gcc -o conftest -O2 -fvisibility=hidden -Wparentheses -DZEPHIR_RELEASE=1   conftest.c conftstm.o >&5
configure:6484: $? = 0
configure:6522: result: ok
configure:6569: checking for sysroot
configure:6599: result: no
configure:6606: checking for a working dd
configure:6644: result: /bin/dd
configure:6648: checking how to truncate binary pipes
configure:6663: result: /bin/dd bs=4096 count=1
configure:6799: gcc -c -O2 -fvisibility=hidden -Wparentheses -DZEPHIR_RELEASE=1  conftest.c >&5
configure:6802: $? = 0
configure:6992: checking for mt
configure:7008: found /bin/mt
configure:7019: result: mt
configure:7042: checking if mt is a manifest tool
configure:7048: mt '-?'
configure:7056: result: no
configure:7728: checking for ANSI C header files
configure:7748: gcc -c -O2 -fvisibility=hidden -Wparentheses -DZEPHIR_RELEASE=1  conftest.c >&5
configure:7748: $? = 0
configure:7821: gcc -o conftest -O2 -fvisibility=hidden -Wparentheses -DZEPHIR_RELEASE=1   conftest.c  >&5
configure:7821: $? = 0
configure:7821: ./conftest
configure:7821: $? = 0
configure:7832: result: yes
configure:7845: checking for sys/types.h
configure:7845: gcc -c -O2 -fvisibility=hidden -Wparentheses -DZEPHIR_RELEASE=1  conftest.c >&5
configure:7845: $? = 0
configure:7845: result: yes
configure:7845: checking for sys/stat.h
configure:7845: gcc -c -O2 -fvisibility=hidden -Wparentheses -DZEPHIR_RELEASE=1  conftest.c >&5
configure:7845: $? = 0
configure:7845: result: yes
configure:7845: checking for stdlib.h
configure:7845: gcc -c -O2 -fvisibility=hidden -Wparentheses -DZEPHIR_RELEASE=1  conftest.c >&5
configure:7845: $? = 0
configure:7845: result: yes
configure:7845: checking for string.h
configure:7845: gcc -c -O2 -fvisibility=hidden -Wparentheses -DZEPHIR_RELEASE=1  conftest.c >&5
configure:7845: $? = 0
configure:7845: result: yes
configure:7845: checking for memory.h
configure:7845: gcc -c -O2 -fvisibility=hidden -Wparentheses -DZEPHIR_RELEASE=1  conftest.c >&5
configure:7845: $? = 0
configure:7845: result: yes
configure:7845: checking for strings.h
configure:7845: gcc -c -O2 -fvisibility=hidden -Wparentheses -DZEPHIR_RELEASE=1  conftest.c >&5
configure:7845: $? = 0
configure:7845: result: yes
configure:7845: checking for inttypes.h
configure:7845: gcc -c -O2 -fvisibility=hidden -Wparentheses -DZEPHIR_RELEASE=1  conftest.c >&5
configure:7845: $? = 0
configure:7845: result: yes
configure:7845: checking for stdint.h
configure:7845: gcc -c -O2 -fvisibility=hidden -Wparentheses -DZEPHIR_RELEASE=1  conftest.c >&5
configure:7845: $? = 0
configure:7845: result: yes
configure:7845: checking for unistd.h
configure:7845: gcc -c -O2 -fvisibility=hidden -Wparentheses -DZEPHIR_RELEASE=1  conftest.c >&5
configure:7845: $? = 0
configure:7845: result: yes
configure:7859: checking for dlfcn.h
configure:7859: gcc -c -O2 -fvisibility=hidden -Wparentheses -DZEPHIR_RELEASE=1  conftest.c >&5
configure:7859: $? = 0
configure:7859: result: yes
configure:8115: checking for objdir
configure:8130: result: .libs
configure:8394: checking if gcc supports -fno-rtti -fno-exceptions
configure:8412: gcc -c -O2 -fvisibility=hidden -Wparentheses -DZEPHIR_RELEASE=1  -fno-rtti -fno-exceptions conftest.c >&5
cc1: warning: command line option '-fno-rtti' is valid for C++/ObjC++ but not for C
configure:8416: $? = 0
configure:8429: result: no
configure:8787: checking for gcc option to produce PIC
configure:8794: result: -fPIC -DPIC
configure:8802: checking if gcc PIC flag -fPIC -DPIC works
configure:8820: gcc -c -O2 -fvisibility=hidden -Wparentheses -DZEPHIR_RELEASE=1  -fPIC -DPIC -DPIC conftest.c >&5
configure:8824: $? = 0
configure:8837: result: yes
configure:8866: checking if gcc static flag -static works
configure:8894: result: yes
configure:8909: checking if gcc supports -c -o file.o
configure:8930: gcc -c -O2 -fvisibility=hidden -Wparentheses -DZEPHIR_RELEASE=1  -o out/conftest2.o conftest.c >&5
configure:8934: $? = 0
configure:8956: result: yes
configure:8964: checking if gcc supports -c -o file.o
configure:9011: result: yes
configure:9044: checking whether the gcc linker (/usr/bin/ld -m elf_x86_64) supports shared libraries
configure:10307: result: yes
configure:10344: checking whether -lc should be explicitly linked in
configure:10352: gcc -c -O2 -fvisibility=hidden -Wparentheses -DZEPHIR_RELEASE=1  conftest.c >&5
configure:10355: $? = 0
configure:10370: gcc -shared  -fPIC -DPIC conftest.o  -v -Wl,-soname -Wl,conftest -o conftest 2\>\&1 \| /bin/grep  -lc  \>/dev/null 2\>\&1
configure:10373: $? = 0
configure:10387: result: no
configure:10547: checking dynamic linker characteristics
configure:11128: gcc -o conftest -O2 -fvisibility=hidden -Wparentheses -DZEPHIR_RELEASE=1   -Wl,-rpath -Wl,/foo conftest.c  >&5
configure:11128: $? = 0
configure:11377: result: GNU/Linux ld.so
configure:11499: checking how to hardcode library paths into programs
configure:11524: result: immediate
configure:12072: checking whether stripping libraries is possible
configure:12077: result: yes
configure:12112: checking if libtool supports shared libraries
configure:12114: result: yes
configure:12117: checking whether to build shared libraries
configure:12142: result: yes
configure:12145: checking whether to build static libraries
configure:12149: result: no
configure:12422: patching config.h.in
configure:12433: creating ./config.status

## ---------------------- ##
## Running config.status. ##
## ---------------------- ##

This file was extended by config.status, which was
generated by GNU Autoconf 2.69.  Invocation command line was

  CONFIG_FILES    = 
  CONFIG_HEADERS  = 
  CONFIG_LINKS    = 
  CONFIG_COMMANDS = 
  $ ./config.status 

on secureDev

config.status:889: creating config.h
config.status:993: executing libtool commands

## ---------------- ##
## Cache variables. ##
## ---------------- ##

ac_cv_build=x86_64-pc-linux-gnu
ac_cv_c_compiler_gnu=yes
ac_cv_env_CC_set=set
ac_cv_env_CC_value=gcc
ac_cv_env_CFLAGS_set=set
ac_cv_env_CFLAGS_value='-O2 -fvisibility=hidden -Wparentheses -DZEPHIR_RELEASE=1'
ac_cv_env_CPPFLAGS_set=
ac_cv_env_CPPFLAGS_value=
ac_cv_env_CPP_set=
ac_cv_env_CPP_value=
ac_cv_env_LDFLAGS_set=
ac_cv_env_LDFLAGS_value=
ac_cv_env_LIBS_set=
ac_cv_env_LIBS_value=
ac_cv_env_LT_SYS_LIBRARY_PATH_set=
ac_cv_env_LT_SYS_LIBRARY_PATH_value=
ac_cv_env_PKG_CONFIG_LIBDIR_set=
ac_cv_env_PKG_CONFIG_LIBDIR_value=
ac_cv_env_PKG_CONFIG_PATH_set=
ac_cv_env_PKG_CONFIG_PATH_value=
ac_cv_env_PKG_CONFIG_set=
ac_cv_env_PKG_CONFIG_value=
ac_cv_env_build_alias_set=
ac_cv_env_build_alias_value=
ac_cv_env_host_alias_set=
ac_cv_env_host_alias_value=
ac_cv_env_target_alias_set=
ac_cv_env_target_alias_value=
ac_cv_have_decl_HAVE_BUNDLED_PCRE=no
ac_cv_have_decl_HAVE_JSON=no
ac_cv_header_dlfcn_h=yes
ac_cv_header_inttypes_h=yes
ac_cv_header_memory_h=yes
ac_cv_header_stdc=yes
ac_cv_header_stdint_h=yes
ac_cv_header_stdlib_h=yes
ac_cv_header_string_h=yes
ac_cv_header_strings_h=yes
ac_cv_header_sys_stat_h=yes
ac_cv_header_sys_types_h=yes
ac_cv_header_unistd_h=yes
ac_cv_host=x86_64-pc-linux-gnu
ac_cv_objext=o
ac_cv_path_EGREP='/bin/grep -E'
ac_cv_path_FGREP='/bin/grep -F'
ac_cv_path_GREP=/bin/grep
ac_cv_path_SED=/bin/sed
ac_cv_path_ac_pt_PKG_CONFIG=/usr/bin/pkg-config
ac_cv_path_lt_DD=/bin/dd
ac_cv_prog_AWK=gawk
ac_cv_prog_CPP='gcc -E'
ac_cv_prog_ac_ct_AR=ar
ac_cv_prog_ac_ct_MANIFEST_TOOL=mt
ac_cv_prog_ac_ct_OBJDUMP=objdump
ac_cv_prog_ac_ct_RANLIB=ranlib
ac_cv_prog_ac_ct_STRIP=strip
ac_cv_prog_cc_c89=
ac_cv_prog_cc_g=yes
ac_cv_target=x86_64-pc-linux-gnu
lt_cv_ar_at_file=@
lt_cv_archive_cmds_need_lc=no
lt_cv_deplibs_check_method=pass_all
lt_cv_file_magic_cmd='$MAGIC_CMD'
lt_cv_file_magic_test_file=
lt_cv_ld_reload_flag=-r
lt_cv_nm_interface='BSD nm'
lt_cv_objdir=.libs
lt_cv_path_LD=/usr/bin/ld
lt_cv_path_NM='/usr/bin/nm -B'
lt_cv_path_mainfest_tool=no
lt_cv_prog_compiler_c_o=yes
lt_cv_prog_compiler_pic='-fPIC -DPIC'
lt_cv_prog_compiler_pic_works=yes
lt_cv_prog_compiler_rtti_exceptions=no
lt_cv_prog_compiler_static_works=yes
lt_cv_prog_gnu_ld=yes
lt_cv_sharedlib_from_linklib_cmd='printf %s\n'
lt_cv_shlibpath_overrides_runpath=yes
lt_cv_sys_global_symbol_pipe='sed -n -e '\''s/^.*[	 ]\([ABCDGIRSTW][ABCDGIRSTW]*\)[	 ][	 ]*\([_A-Za-z][_A-Za-z0-9]*\)$/\1 \2 \2/p'\'' | sed '\''/ __gnu_lto/d'\'''
lt_cv_sys_global_symbol_to_c_name_address='sed -n -e '\''s/^: \(.*\) .*$/  {"\1", (void *) 0},/p'\'' -e '\''s/^[ABCDGIRSTW][ABCDGIRSTW]* .* \(.*\)$/  {"\1", (void *) \&\1},/p'\'''
lt_cv_sys_global_symbol_to_c_name_address_lib_prefix='sed -n -e '\''s/^: \(.*\) .*$/  {"\1", (void *) 0},/p'\'' -e '\''s/^[ABCDGIRSTW][ABCDGIRSTW]* .* \(lib.*\)$/  {"\1", (void *) \&\1},/p'\'' -e '\''s/^[ABCDGIRSTW][ABCDGIRSTW]* .* \(.*\)$/  {"lib\1", (void *) \&\1},/p'\'''
lt_cv_sys_global_symbol_to_cdecl='sed -n -e '\''s/^T .* \(.*\)$/extern int \1();/p'\'' -e '\''s/^[ABCDGIRSTW][ABCDGIRSTW]* .* \(.*\)$/extern char \1;/p'\'''
lt_cv_sys_global_symbol_to_import=
lt_cv_sys_max_cmd_len=1572864
lt_cv_to_host_file_cmd=func_convert_file_noop
lt_cv_to_tool_file_cmd=func_convert_file_noop
lt_cv_truncate_bin='/bin/dd bs=4096 count=1'
php_cv_cc_dashr=no
php_cv_cc_rpath=yes

## ----------------- ##
## Output variables. ##
## ----------------- ##

AR='ar'
AWK='gawk'
CC='gcc'
CFLAGS='-O2 -fvisibility=hidden -Wparentheses -DZEPHIR_RELEASE=1'
CONFIGURE_COMMAND=' '\''./configure'\''  '\''--enable-codeguard'\'''
CONFIGURE_OPTIONS=' '\''--enable-codeguard'\'''
CPP='gcc -E'
CPPFLAGS=' -DHAVE_CONFIG_H'
DEFS='-DHAVE_CONFIG_H'
DLLTOOL='false'
DSYMUTIL=''
DUMPBIN=''
ECHO_C=''
ECHO_N='-n'
ECHO_T=''
EGREP='/bin/grep -E'
EXEEXT=''
FGREP='/bin/grep -F'
GREP='/bin/grep'
LD='/usr/bin/ld -m elf_x86_64'
LDFLAGS=''
LIBOBJS=''
LIBS=''
LIBTOOL='$(SHELL) $(top_builddir)/libtool'
LIPO=''
LN_S='ln -s'
LTLIBOBJS=''
LT_SYS_LIBRARY_PATH=''
MANIFEST_TOOL=':'
NM='/usr/bin/nm -B'
NMEDIT=''
OBJDUMP='objdump'
OBJEXT='o'
OTOOL64=''
OTOOL=''
PACKAGE_BUGREPORT=''
PACKAGE_NAME=''
PACKAGE_STRING=''
PACKAGE_TARNAME=''
PACKAGE_URL=''
PACKAGE_VERSION=''
PATH_SEPARATOR=':'
PKG_CONFIG='/usr/bin/pkg-config'
PKG_CONFIG_LIBDIR=''
PKG_CONFIG_PATH=''
RANLIB='ranlib'
SED='/bin/sed'
SHELL='/bin/bash'
SHLIB_DL_SUFFIX_NAME='so'
SHLIB_SUFFIX_NAME='so'
STRIP='strip'
ac_ct_AR='ar'
ac_ct_CC=''
ac_ct_DUMPBIN=''
bindir='${exec_prefix}/bin'
build='x86_64-pc-linux-gnu'
build_alias=''
build_cpu='x86_64'
build_os='linux-gnu'
build_vendor='pc'
datadir='${datarootdir}'
datarootdir='${prefix}/share'
docdir='${datarootdir}/doc/${PACKAGE}'
dvidir='${docdir}'
exec_prefix='$(prefix)'
host='x86_64-pc-linux-gnu'
host_alias='x86_64-pc-linux-gnu'
host_cpu='x86_64'
host_os='linux-gnu'
host_vendor='pc'
htmldir='${docdir}'
includedir='${prefix}/include'
infodir='${datarootdir}/info'
libdir='${exec_prefix}/lib'
libexecdir='${exec_prefix}/libexec'
localedir='${datarootdir}/locale'
localstatedir='${prefix}/var'
mandir='${datarootdir}/man'
oldincludedir='/usr/include'
pdfdir='${docdir}'
prefix='/usr'
program_transform_name='s,x,x,'
psdir='${docdir}'
runstatedir='${localstatedir}/run'
sbindir='${exec_prefix}/sbin'
sharedstatedir='${prefix}/com'
sysconfdir='${prefix}/etc'
target='x86_64-pc-linux-gnu'
target_alias=''
target_cpu='x86_64'
target_os='linux-gnu'
target_vendor='pc'

## ----------- ##
## confdefs.h. ##
## ----------- ##

/* confdefs.h */
#define PACKAGE_NAME ""
#define PACKAGE_TARNAME ""
#define PACKAGE_VERSION ""
#define PACKAGE_STRING ""
#define PACKAGE_BUGREPORT ""
#define PACKAGE_URL ""
#define HAVE_CODEGUARD 1
#define COMPILE_DL_CODEGUARD 1
#define STDC_HEADERS 1
#define HAVE_SYS_TYPES_H 1
#define HAVE_SYS_STAT_H 1
#define HAVE_STDLIB_H 1
#define HAVE_STRING_H 1
#define HAVE_MEMORY_H 1
#define HAVE_STRINGS_H 1
#define HAVE_INTTYPES_H 1
#define HAVE_STDINT_H 1
#define HAVE_UNISTD_H 1
#define HAVE_DLFCN_H 1
#define LT_OBJDIR ".libs/"

configure: exit 0
